<?xml version="1.0" encoding="UTF-8"?>
<!-- Generated by org.testng.reporters.JUnitReportReporter -->
<testsuite hostname="Mds-MacBook-Air.lan1" failures="0" tests="1" name="TestRunner" time="14.284" errors="0" timestamp="2021-03-19T03:55:15 EDT" skipped="0">
  <testcase classname="TestRunner" name="runScenario" time="14.284"/>
  <system-out/>
</testsuite> <!-- TestRunner -->
