<?xml version="1.0" encoding="UTF-8"?>
<!-- Generated by org.testng.reporters.JUnitReportReporter -->
<testsuite hostname="Mds-MacBook-Air.lan1" failures="0" tests="1" name="stepdefinitions.TestRunner" time="11.696" errors="0" timestamp="2021-03-19T03:57:54 EDT" skipped="0">
  <testcase classname="stepdefinitions.TestRunner" name="runScenario" time="11.696"/>
  <system-out/>
</testsuite> <!-- stepdefinitions.TestRunner -->
